(?<host>\S*) (?<clock>{.*})\n(?<event>.*)


Lector1 {"Lector1":1}
Initialization Complete
Lector1 {"Lector1":2, "Escritor3":2}
INFO Received Message 
Lector1 {"Lector1":3, "Escritor3":2}
INFO Reply request
Lector1 {"Lector1":4, "Escritor3":3, "Lector2":3}
INFO Received Message 
Lector1 {"Lector2":3, "Lector1":5, "Escritor3":3}
INFO Sending message REQ
Lector1 {"Lector1":6, "Escritor3":3, "Lector2":3}
INFO Reply request
Lector1 {"Lector2":3, "Lector1":7, "Escritor3":3}
INFO Sending message REQ
Lector1 {"Lector1":8, "Escritor3":3, "Lector2":6}
INFO Received Message 
Lector1 {"Lector1":9, "Escritor3":6, "Lector2":11}
INFO Received Message 
Lector1 {"Lector1":10, "Escritor3":6, "Lector2":11}
INFO Reply request
Lector1 {"Lector1":11, "Escritor3":10, "Lector2":11}
INFO Received Message 
Lector1 {"Escritor3":10, "Lector2":11, "Lector1":12}
INFO SC
Lector1 {"Lector2":16, "Lector1":13, "Escritor3":12}
INFO Received Message 
Lector1 {"Lector1":14, "Escritor3":12, "Lector2":16}
INFO Reply request
Lector1 {"Lector1":15, "Escritor3":15, "Lector2":17}
INFO Received Message 
Lector1 {"Escritor3":15, "Lector2":17, "Lector1":16}
INFO Reply request
Lector1 {"Lector1":17, "Escritor3":16, "Lector2":23}
INFO Received Message 
Lector1 {"Lector1":18, "Escritor3":16, "Lector2":23}
INFO Reply request
Lector1 {"Lector1":19, "Escritor3":22, "Lector2":24}
INFO Received Message 
Lector1 {"Lector1":20, "Escritor3":22, "Lector2":24}
INFO Reply request
Lector1 {"Escritor3":22, "Lector2":24, "Lector1":21}
INFO Sending message REQ
Lector1 {"Lector1":22, "Escritor3":22, "Lector2":24}
INFO Sending message REQ
Lector1 {"Lector2":31, "Lector1":23, "Escritor3":23}
INFO Received Message 
Lector1 {"Lector1":24, "Escritor3":28, "Lector2":31}
INFO Received Message 
Lector1 {"Lector2":31, "Lector1":25, "Escritor3":28}
INFO SC
Lector1 {"Lector1":26, "Escritor3":29, "Lector2":31}
INFO Received Message 
Lector1 {"Lector1":27, "Escritor3":29, "Lector2":31}
INFO Reply request
Lector1 {"Lector1":28, "Escritor3":34, "Lector2":33}
INFO Received Message 
Lector1 {"Lector1":29, "Escritor3":34, "Lector2":33}
INFO Reply request
Lector1 {"Lector1":30, "Escritor3":34, "Lector2":33}
INFO Sending message REQ
Lector1 {"Lector1":31, "Escritor3":34, "Lector2":33}
INFO Sending message REQ
Lector1 {"Lector1":32, "Escritor3":35, "Lector2":37}
INFO Received Message 
Lector1 {"Lector1":33, "Escritor3":40, "Lector2":37}
INFO Received Message 
Lector1 {"Lector1":34, "Escritor3":40, "Lector2":37}
INFO SC
Lector1 {"Lector1":35, "Escritor3":40, "Lector2":38}
INFO Received Message 
Lector1 {"Lector1":36, "Escritor3":40, "Lector2":38}
INFO Reply request
Lector2 {"Lector2":1}
Initialization Complete
Lector2 {"Escritor3":3, "Lector2":2}
INFO Received Message 
Lector2 {"Lector2":3, "Escritor3":3}
INFO Sending message REQ
Lector2 {"Lector2":4, "Escritor3":3}
INFO Sending message REQ
Lector2 {"Lector2":5, "Escritor3":3, "Lector1":5}
INFO Received Message 
Lector2 {"Lector2":6, "Escritor3":3, "Lector1":5}
INFO Reply request
Lector2 {"Lector2":7, "Escritor3":3, "Lector1":6}
INFO Received Message 
Lector2 {"Lector2":8, "Escritor3":6, "Lector1":6}
INFO Received Message 
Lector2 {"Lector2":9, "Escritor3":6, "Lector1":6}
INFO SC
Lector2 {"Lector2":10, "Escritor3":6, "Lector1":6}
INFO Sending message REP
Lector2 {"Lector2":11, "Escritor3":6, "Lector1":6}
INFO Sending message REQ
Lector2 {"Lector2":12, "Escritor3":6, "Lector1":6}
INFO Sending message REQ
Lector2 {"Lector2":13, "Escritor3":6, "Lector1":10}
INFO Received Message 
Lector2 {"Lector2":14, "Escritor3":12, "Lector1":10}
INFO Received Message 
Lector2 {"Lector2":15, "Escritor3":12, "Lector1":10}
INFO SC
Lector2 {"Lector2":16, "Escritor3":12, "Lector1":10}
INFO Sending message REQ
Lector2 {"Lector2":17, "Escritor3":12, "Lector1":10}
INFO Sending message REQ
Lector2 {"Escritor3":12, "Lector1":14, "Lector2":18}
INFO Received Message 
Lector2 {"Lector2":19, "Escritor3":14, "Lector1":14}
INFO Received Message 
Lector2 {"Lector2":20, "Escritor3":14, "Lector1":14}
INFO SC
Lector2 {"Lector2":21, "Escritor3":16, "Lector1":14}
INFO Received Message 
Lector2 {"Lector2":22, "Escritor3":16, "Lector1":14}
INFO Reply request
Lector2 {"Lector1":14, "Lector2":23, "Escritor3":16}
INFO Sending message REQ
Lector2 {"Lector2":24, "Escritor3":16, "Lector1":14}
INFO Sending message REQ
Lector2 {"Lector2":25, "Escritor3":16, "Lector1":18}
INFO Received Message 
Lector2 {"Escritor3":21, "Lector1":18, "Lector2":26}
INFO Received Message 
Lector2 {"Escritor3":21, "Lector1":18, "Lector2":27}
INFO SC
Lector2 {"Lector2":28, "Escritor3":23, "Lector1":18}
INFO Received Message 
Lector2 {"Lector2":29, "Escritor3":23, "Lector1":18}
INFO Reply request
Lector2 {"Lector2":30, "Escritor3":23, "Lector1":21}
INFO Received Message 
Lector2 {"Escritor3":23, "Lector1":21, "Lector2":31}
INFO Reply request
Lector2 {"Lector1":22, "Lector2":32, "Escritor3":30}
INFO Received Message 
Lector2 {"Lector2":33, "Escritor3":30, "Lector1":22}
INFO Reply request
Lector2 {"Lector2":34, "Escritor3":35, "Lector1":27}
INFO Received Message 
Lector2 {"Lector2":35, "Escritor3":35, "Lector1":27}
INFO Reply request
Lector2 {"Lector2":36, "Escritor3":35, "Lector1":30}
INFO Received Message 
Lector2 {"Lector2":37, "Escritor3":35, "Lector1":30}
INFO Reply request
Lector2 {"Lector2":38, "Escritor3":35, "Lector1":30}
INFO Sending message REQ
Lector2 {"Lector1":30, "Lector2":39, "Escritor3":35}
INFO Sending message REQ
Lector2 {"Lector2":40, "Escritor3":40, "Lector1":36}
INFO Received Message 
Lector2 {"Lector2":41, "Escritor3":42, "Lector1":36}
INFO Received Message 
Lector2 {"Lector2":42, "Escritor3":42, "Lector1":36}
INFO SC
Escritor3 {"Escritor3":1}
Initialization Complete
Escritor3 {"Escritor3":2}
INFO Sending message REQ
Escritor3 {"Escritor3":3}
INFO Sending message REQ
Escritor3 {"Escritor3":4, "Lector1":3}
INFO Received Message 
Escritor3 {"Escritor3":5, "Lector1":3, "Lector2":4}
INFO Received Message 
Escritor3 {"Escritor3":6, "Lector1":3, "Lector2":4}
INFO Reply request
Escritor3 {"Escritor3":7, "Lector1":7, "Lector2":4}
INFO Received Message 
Escritor3 {"Escritor3":8, "Lector1":7, "Lector2":10}
INFO Received Message 
Escritor3 {"Escritor3":9, "Lector1":7, "Lector2":10}
INFO SC
Escritor3 {"Escritor3":10, "Lector1":7, "Lector2":10}
INFO Sending message REP
Escritor3 {"Escritor3":11, "Lector1":7, "Lector2":12}
INFO Received Message 
Escritor3 {"Lector2":12, "Escritor3":12, "Lector1":7}
INFO Reply request
Escritor3 {"Lector1":10, "Lector2":17, "Escritor3":13}
INFO Received Message 
Escritor3 {"Lector1":10, "Lector2":17, "Escritor3":14}
INFO Reply request
Escritor3 {"Escritor3":15, "Lector1":10, "Lector2":17}
INFO Sending message REQ
Escritor3 {"Lector2":17, "Escritor3":16, "Lector1":10}
INFO Sending message REQ
Escritor3 {"Escritor3":17, "Lector1":16, "Lector2":17}
INFO Received Message 
Escritor3 {"Escritor3":18, "Lector1":16, "Lector2":22}
INFO Received Message 
Escritor3 {"Escritor3":19, "Lector1":16, "Lector2":22}
INFO SC
Escritor3 {"Escritor3":20, "Lector1":16, "Lector2":24}
INFO Received Message 
Escritor3 {"Escritor3":21, "Lector1":16, "Lector2":24}
INFO Reply request
Escritor3 {"Escritor3":22, "Lector1":16, "Lector2":24}
INFO Sending message REQ
Escritor3 {"Escritor3":23, "Lector1":16, "Lector2":24}
INFO Sending message REQ
Escritor3 {"Escritor3":24, "Lector1":20, "Lector2":24}
INFO Received Message 
Escritor3 {"Lector2":29, "Escritor3":25, "Lector1":20}
INFO Received Message 
Escritor3 {"Lector2":29, "Escritor3":26, "Lector1":20}
INFO SC
Escritor3 {"Escritor3":27, "Lector1":22, "Lector2":29}
INFO Received Message 
Escritor3 {"Escritor3":28, "Lector1":22, "Lector2":29}
INFO Reply request
Escritor3 {"Escritor3":29, "Lector1":22, "Lector2":29}
INFO Sending message REQ
Escritor3 {"Escritor3":30, "Lector1":22, "Lector2":29}
INFO Sending message REQ
Escritor3 {"Escritor3":31, "Lector1":27, "Lector2":31}
INFO Received Message 
Escritor3 {"Lector1":27, "Lector2":33, "Escritor3":32}
INFO Received Message 
Escritor3 {"Lector1":27, "Lector2":33, "Escritor3":33}
INFO SC
Escritor3 {"Escritor3":34, "Lector1":27, "Lector2":33}
INFO Sending message REQ
Escritor3 {"Lector1":27, "Lector2":33, "Escritor3":35}
INFO Sending message REQ
Escritor3 {"Lector2":33, "Escritor3":36, "Lector1":29}
INFO Received Message 
Escritor3 {"Escritor3":37, "Lector1":29, "Lector2":35}
INFO Received Message 
Escritor3 {"Escritor3":38, "Lector1":29, "Lector2":35}
INFO SC
Escritor3 {"Escritor3":39, "Lector1":31, "Lector2":35}
INFO Received Message 
Escritor3 {"Escritor3":40, "Lector1":31, "Lector2":35}
INFO Reply request
Escritor3 {"Lector2":39, "Escritor3":41, "Lector1":31}
INFO Received Message 
Escritor3 {"Lector2":39, "Escritor3":42, "Lector1":31}
INFO Reply request
